<?xml version="1.0" encoding="UTF-8"?>
<robot generator="Robot 5.0.1 (Python 3.10.12 on win32)" generated="20240413 11:09:33.672" rpa="false" schemaversion="3">
<suite id="s1" name="Api Testing Usuarios" source="c:\Users\brici\Desktop\cursoUdemy\robotFrameworkBasico\apiTesting\tests\api_testing_usuarios.robot">
<test id="s1-t1" name="Cenário 04: Logar com novo usuário criado" line="24">
<kw name="Criar um usuário novo" library="api_testing_usuarios">
<kw name="Generate Random String" library="String">
<var>${PALAVRA_ALEATORIA}</var>
<arg>length=4</arg>
<arg>chars=[LETTERS]</arg>
<doc>Generates a string with a desired ``length`` from the given ``chars``.</doc>
<msg timestamp="20240413 11:09:33.799" level="INFO">${PALAVRA_ALEATORIA} = UcdU</msg>
<status status="PASS" starttime="20240413 11:09:33.799" endtime="20240413 11:09:33.799"/>
</kw>
<kw name="Convert To Lower Case" library="String">
<var>${PALAVRA_ALEATORIA}</var>
<arg>${PALAVRA_ALEATORIA}</arg>
<doc>Converts string to lower case.</doc>
<msg timestamp="20240413 11:09:33.799" level="INFO">${PALAVRA_ALEATORIA} = ucdu</msg>
<status status="PASS" starttime="20240413 11:09:33.799" endtime="20240413 11:09:33.799"/>
</kw>
<kw name="Set Test Variable" library="BuiltIn">
<arg>${EMAIL}</arg>
<arg>${PALAVRA_ALEATORIA}@emailteste.com</arg>
<doc>Makes a variable available everywhere within the scope of the current test.</doc>
<msg timestamp="20240413 11:09:33.799" level="INFO">${EMAIL} = ucdu@emailteste.com</msg>
<status status="PASS" starttime="20240413 11:09:33.799" endtime="20240413 11:09:33.799"/>
</kw>
<kw name="Log" library="BuiltIn">
<arg>${EMAIL}</arg>
<doc>Logs the given message with the given level.</doc>
<msg timestamp="20240413 11:09:33.815" level="INFO">ucdu@emailteste.com</msg>
<status status="PASS" starttime="20240413 11:09:33.799" endtime="20240413 11:09:33.815"/>
</kw>
<status status="PASS" starttime="20240413 11:09:33.799" endtime="20240413 11:09:33.815"/>
</kw>
<kw name="Cadastrar o novo usuário na ServeRest" library="api_testing_usuarios">
<arg>email=${EMAIL}</arg>
<arg>status_code_desejado=201</arg>
<kw name="Create Dictionary" library="BuiltIn">
<var>${BODY}</var>
<arg>nome=Fulano da Silva</arg>
<arg>email=${email}</arg>
<arg>password=1234</arg>
<arg>administrador=true</arg>
<doc>Creates and returns a dictionary based on the given ``items``.</doc>
<msg timestamp="20240413 11:09:33.820" level="INFO">${BODY} = {'nome': 'Fulano da Silva', 'email': 'ucdu@emailteste.com', 'password': '1234', 'administrador': 'true'}</msg>
<status status="PASS" starttime="20240413 11:09:33.818" endtime="20240413 11:09:33.820"/>
</kw>
<kw name="Log" library="BuiltIn">
<arg>${BODY}</arg>
<doc>Logs the given message with the given level.</doc>
<msg timestamp="20240413 11:09:33.820" level="INFO">{'nome': 'Fulano da Silva', 'email': 'ucdu@emailteste.com', 'password': '1234', 'administrador': 'true'}</msg>
<status status="PASS" starttime="20240413 11:09:33.820" endtime="20240413 11:09:33.820"/>
</kw>
<kw name="Criar Sessão na ServeRest" library="api_testing_usuarios">
<kw name="Create Dictionary" library="BuiltIn">
<var>${HEADER}</var>
<arg>accept=application/json</arg>
<arg>Content-Type=application/json</arg>
<doc>Creates and returns a dictionary based on the given ``items``.</doc>
<msg timestamp="20240413 11:09:33.820" level="INFO">${HEADER} = {'accept': 'application/json', 'Content-Type': 'application/json'}</msg>
<status status="PASS" starttime="20240413 11:09:33.820" endtime="20240413 11:09:33.820"/>
</kw>
<kw name="Create Session" library="RequestsLibrary">
<arg>alias=ServeRest</arg>
<arg>url=https://serverest.dev</arg>
<arg>headers=${HEADER}</arg>
<doc>Create Session: create a HTTP session to a server</doc>
<msg timestamp="20240413 11:09:33.820" level="INFO">Creating Session using : alias=ServeRest, url=https://serverest.dev, headers={'accept': 'application/json', 'Content-Type': 'application/json'},                     cookies={}, auth=None, timeout=None, proxies=None, verify=False,                     debug=0 </msg>
<status status="PASS" starttime="20240413 11:09:33.820" endtime="20240413 11:09:33.820"/>
</kw>
<status status="PASS" starttime="20240413 11:09:33.820" endtime="20240413 11:09:33.820"/>
</kw>
<kw name="POST On Session" library="RequestsLibrary">
<var>${resposta}</var>
<arg>alias=ServeRest</arg>
<arg>url=/usuarios</arg>
<arg>json=${BODY}</arg>
<arg>expected_status=${status_code_desejado}</arg>
<doc>Sends a POST request on a previously created HTTP Session.</doc>
<msg timestamp="20240413 11:09:34.215" level="INFO">POST Request : url=https://serverest.dev/usuarios 
 path_url=/usuarios 
 headers={'User-Agent': 'python-requests/2.31.0', 'Accept-Encoding': 'gzip, deflate', 'accept': 'application/json', 'Connection': 'keep-alive', 'Content-Type': 'application/json', 'Content-Length': '104'} 
 body=b'{"nome": "Fulano da Silva", "email": "ucdu@emailteste.com", "password": "1234", "administrador": "true"}' 
 </msg>
<msg timestamp="20240413 11:09:34.215" level="INFO">POST Response : url=https://serverest.dev/usuarios 
 status=201, reason=Created 
 headers={'access-control-allow-origin': '*', 'x-dns-prefetch-control': 'off', 'x-frame-options': 'SAMEORIGIN', 'strict-transport-security': 'max-age=15552000; includeSubDomains', 'x-download-options': 'noopen', 'x-content-type-options': 'nosniff', 'x-xss-protection': '1; mode=block', 'content-type': 'application/json; charset=utf-8', 'X-Cloud-Trace-Context': 'da1df7a53c7f29506829f4631acc8be1;o=1', 'Date': 'Sat, 13 Apr 2024 14:09:33 GMT', 'Server': 'Google Frontend', 'Content-Length': '82'} 
 body={
    "message": "Cadastro realizado com sucesso",
    "_id": "3L3obiAKaL3AUCPx"
} 
 </msg>
<msg timestamp="20240413 11:09:34.215" level="INFO">C:\Python312\Lib\site-packages\urllib3\connectionpool.py:1103: InsecureRequestWarning: Unverified HTTPS request is being made to host 'serverest.dev'. Adding certificate verification is strongly advised. See: https://urllib3.readthedocs.io/en/latest/advanced-usage.html#tls-warnings
  warnings.warn(</msg>
<msg timestamp="20240413 11:09:34.215" level="INFO">${resposta} = &lt;Response [201]&gt;</msg>
<status status="PASS" starttime="20240413 11:09:33.820" endtime="20240413 11:09:34.215"/>
</kw>
<kw name="Log" library="BuiltIn">
<arg>${resposta.json()}</arg>
<doc>Logs the given message with the given level.</doc>
<msg timestamp="20240413 11:09:34.215" level="INFO">{'message': 'Cadastro realizado com sucesso', '_id': '3L3obiAKaL3AUCPx'}</msg>
<status status="PASS" starttime="20240413 11:09:34.215" endtime="20240413 11:09:34.215"/>
</kw>
<if>
<branch type="IF" condition="${status_code_desejado} == 201">
<kw name="Set Test Variable" library="BuiltIn">
<arg>${ID_USUARIO}</arg>
<arg>${resposta.json()["_id"]}</arg>
<doc>Makes a variable available everywhere within the scope of the current test.</doc>
<msg timestamp="20240413 11:09:34.215" level="INFO">${ID_USUARIO} = 3L3obiAKaL3AUCPx</msg>
<status status="PASS" starttime="20240413 11:09:34.215" endtime="20240413 11:09:34.215"/>
</kw>
<status status="PASS" starttime="20240413 11:09:34.215" endtime="20240413 11:09:34.215"/>
</branch>
<status status="PASS" starttime="20240413 11:09:34.215" endtime="20240413 11:09:34.215"/>
</if>
<kw name="Set Test Variable" library="BuiltIn">
<arg>${RESPOSTA}</arg>
<arg>${resposta.json()}</arg>
<doc>Makes a variable available everywhere within the scope of the current test.</doc>
<msg timestamp="20240413 11:09:34.230" level="INFO">${RESPOSTA} = {'message': 'Cadastro realizado com sucesso', '_id': '3L3obiAKaL3AUCPx'}</msg>
<status status="PASS" starttime="20240413 11:09:34.215" endtime="20240413 11:09:34.230"/>
</kw>
<status status="PASS" starttime="20240413 11:09:33.817" endtime="20240413 11:09:34.232"/>
</kw>
<kw name="Realizar login com usuário" library="api_testing_usuarios">
<kw name="Create Dictionary" library="BuiltIn">
<var>${BODY_Login}</var>
<arg>email=${EMAIL}</arg>
<arg>password=1234</arg>
<doc>Creates and returns a dictionary based on the given ``items``.</doc>
<msg timestamp="20240413 11:09:34.234" level="INFO">${BODY_Login} = {'email': 'ucdu@emailteste.com', 'password': '1234'}</msg>
<status status="PASS" starttime="20240413 11:09:34.234" endtime="20240413 11:09:34.234"/>
</kw>
<kw name="POST On Session" library="RequestsLibrary">
<var>${RESP_Login}</var>
<arg>alias=ServeRest</arg>
<arg>url=/Login</arg>
<arg>json=${BODY_Login}</arg>
<doc>Sends a POST request on a previously created HTTP Session.</doc>
<msg timestamp="20240413 11:09:34.395" level="INFO">POST Request : url=https://serverest.dev/Login 
 path_url=/Login 
 headers={'User-Agent': 'python-requests/2.31.0', 'Accept-Encoding': 'gzip, deflate', 'accept': 'application/json', 'Connection': 'keep-alive', 'Content-Type': 'application/json', 'Content-Length': '52'} 
 body=b'{"email": "ucdu@emailteste.com", "password": "1234"}' 
 </msg>
<msg timestamp="20240413 11:09:34.395" level="INFO">POST Response : url=https://serverest.dev/Login 
 status=200, reason=OK 
 headers={'access-control-allow-origin': '*', 'x-dns-prefetch-control': 'off', 'x-frame-options': 'SAMEORIGIN', 'strict-transport-security': 'max-age=15552000; includeSubDomains', 'x-download-options': 'noopen', 'x-content-type-options': 'nosniff', 'x-xss-protection': '1; mode=block', 'content-type': 'application/json; charset=utf-8', 'X-Cloud-Trace-Context': '67adcb76576b42cac126b4d06bef12d5', 'Date': 'Sat, 13 Apr 2024 14:09:33 GMT', 'Server': 'Google Frontend', 'Content-Length': '272'} 
 body={
    "message": "Login realizado com sucesso",
    "authorization": "Bearer eyJhbGciOiJIUzI1NiIsInR5cCI6IkpXVCJ9.eyJlbWFpbCI6InVjZHVAZW1haWx0ZXN0ZS5jb20iLCJwYXNzd29yZCI6IjEyMzQiLCJpYXQiOjE3MTMwMTczNzMsImV4cCI6MTcxMzAxNzk3M30.U4pXx7LDuEwCJdaRZjkXrVlfT1QWTudE7FNTUHT0y-s"
} 
 </msg>
<msg timestamp="20240413 11:09:34.395" level="INFO">C:\Python312\Lib\site-packages\urllib3\connectionpool.py:1103: InsecureRequestWarning: Unverified HTTPS request is being made to host 'serverest.dev'. Adding certificate verification is strongly advised. See: https://urllib3.readthedocs.io/en/latest/advanced-usage.html#tls-warnings
  warnings.warn(</msg>
<msg timestamp="20240413 11:09:34.395" level="INFO">${RESP_Login} = &lt;Response [200]&gt;</msg>
<status status="PASS" starttime="20240413 11:09:34.235" endtime="20240413 11:09:34.395"/>
</kw>
<kw name="Set Test Variable" library="BuiltIn">
<arg>${RESPOSTA}</arg>
<arg>${RESP_Login.json()}</arg>
<doc>Makes a variable available everywhere within the scope of the current test.</doc>
<msg timestamp="20240413 11:09:34.411" level="INFO">${RESPOSTA} = {'message': 'Login realizado com sucesso', 'authorization': 'Bearer eyJhbGciOiJIUzI1NiIsInR5cCI6IkpXVCJ9.eyJlbWFpbCI6InVjZHVAZW1haWx0ZXN0ZS5jb20iLCJwYXNzd29yZCI6IjEyMzQiLCJpYXQiOjE3MTMwMTczNzMsImV4cCI...</msg>
<status status="PASS" starttime="20240413 11:09:34.395" endtime="20240413 11:09:34.411"/>
</kw>
<status status="PASS" starttime="20240413 11:09:34.232" endtime="20240413 11:09:34.411"/>
</kw>
<kw name="Conferir se Login ocorreu com sucesso" library="api_testing_usuarios">
<kw name="Dictionary Should Contain Item" library="Collections">
<arg>${RESPOSTA}</arg>
<arg>message</arg>
<arg>Login realizado com sucesso</arg>
<doc>An item of ``key`` / ``value`` must be found in a ``dictionary``.</doc>
<status status="PASS" starttime="20240413 11:09:34.411" endtime="20240413 11:09:34.411"/>
</kw>
<status status="PASS" starttime="20240413 11:09:34.411" endtime="20240413 11:09:34.411"/>
</kw>
<status status="PASS" starttime="20240413 11:09:33.799" endtime="20240413 11:09:34.411"/>
</test>
<status status="PASS" starttime="20240413 11:09:33.677" endtime="20240413 11:09:34.411"/>
</suite>
<statistics>
<total>
<stat pass="1" fail="0" skip="0">All Tests</stat>
</total>
<tag>
</tag>
<suite>
<stat pass="1" fail="0" skip="0" id="s1" name="Api Testing Usuarios">Api Testing Usuarios</stat>
</suite>
</statistics>
<errors>
</errors>
</robot>
