<?xml version="1.0" encoding="UTF-8"?>
<robot generator="Robot 7.0 (Python 3.12.2 on win32)" generated="2024-04-05T11:36:42.029706" rpa="false" schemaversion="5">
<suite id="s1" name="Amazon Testes" source="C:\Users\brici\Desktop\cursoUdemy\robotFrameworkBasico\webTesting\amazon_testes.robot">
<test id="s1-t1" name="Caso de Teste 04 - Remover Produto do Carrinho" line="37">
<kw name="Abrir o navegador" owner="amazon_resources" type="SETUP">
<kw name="Open Browser" owner="SeleniumLibrary">
<msg time="2024-04-05T11:36:42.425378" level="INFO">Opening browser 'chrome' to base url 'None'.</msg>
<arg>browser=chrome</arg>
<arg>options=add_experimental_option("detach", True)</arg>
<doc>Opens a new browser instance to the optional ``url``.</doc>
<status status="PASS" start="2024-04-05T11:36:42.425378" elapsed="1.521527"/>
</kw>
<kw name="Maximize Browser Window" owner="SeleniumLibrary">
<doc>Maximizes current browser window.</doc>
<status status="PASS" start="2024-04-05T11:36:43.947406" elapsed="0.124785"/>
</kw>
<status status="PASS" start="2024-04-05T11:36:42.425378" elapsed="1.646813"/>
</kw>
<kw name="Acessar a home page do site Amazon.com.br" owner="amazon_resources">
<kw name="Go To" owner="SeleniumLibrary">
<msg time="2024-04-05T11:36:44.073689" level="INFO">Opening url 'https://www.amazon.com.br/'</msg>
<arg>url=${URL}</arg>
<doc>Navigates the current browser window to the provided ``url``.</doc>
<status status="PASS" start="2024-04-05T11:36:44.073191" elapsed="0.286261"/>
</kw>
<kw name="Sleep" owner="BuiltIn">
<msg time="2024-04-05T11:37:14.360802" level="INFO">Slept 30 seconds.</msg>
<arg>time_=30</arg>
<doc>Pauses the test executed for the given time.</doc>
<status status="PASS" start="2024-04-05T11:36:44.360141" elapsed="30.000661"/>
</kw>
<kw name="Wait Until Element Is Visible" owner="SeleniumLibrary">
<arg>locator=${MENU_ELETRONICOS}</arg>
<doc>Waits until the element ``locator`` is visible.</doc>
<status status="PASS" start="2024-04-05T11:37:14.361157" elapsed="0.031110"/>
</kw>
<status status="PASS" start="2024-04-05T11:36:44.073191" elapsed="30.319076"/>
</kw>
<kw name="Digitar o nome de produto &quot;Xbox Series S&quot; no campo de pesquisa" owner="amazon_resources" source_name="Digitar o nome de produto &quot;${TEXT_BUSCA}&quot; no campo de pesquisa">
<kw name="Input Text" owner="SeleniumLibrary">
<msg time="2024-04-05T11:37:14.392267" level="INFO">Typing text 'Xbox Series S' into text field '//input[@id="twotabsearchtextbox"]'.</msg>
<arg>locator=${INPUT_BUSCA}</arg>
<arg>text=${TEXT_BUSCA}</arg>
<doc>Types the given ``text`` into the text field identified by ``locator``.</doc>
<status status="PASS" start="2024-04-05T11:37:14.392267" elapsed="0.214794"/>
</kw>
<status status="PASS" start="2024-04-05T11:37:14.392267" elapsed="0.214794"/>
</kw>
<kw name="Clicar no botão de pesquisa" owner="amazon_resources">
<kw name="Click Element" owner="SeleniumLibrary">
<msg time="2024-04-05T11:37:14.608568" level="INFO">Clicking element '//input[@id="nav-search-submit-button"]'.</msg>
<arg>locator=${BUTTON_PESQUISA}</arg>
<doc>Click the element identified by ``locator``.</doc>
<status status="PASS" start="2024-04-05T11:37:14.608062" elapsed="2.240868"/>
</kw>
<status status="PASS" start="2024-04-05T11:37:14.608062" elapsed="2.241367"/>
</kw>
<kw name="Adicionar o produto &quot;Console Xbox Series S&quot; no carrinho" owner="amazon_resources">
<kw name="Wait Until Element Is Visible" owner="SeleniumLibrary">
<arg>locator=${PRODUTO_NUM1_BUSCA}</arg>
<doc>Waits until the element ``locator`` is visible.</doc>
<status status="PASS" start="2024-04-05T11:37:16.863206" elapsed="0.077813"/>
</kw>
<kw name="Element Text Should Be" owner="SeleniumLibrary">
<msg time="2024-04-05T11:37:16.941019" level="WARN">Keyword 'Element Text Should Be' found both from a custom library 'SeleniumLibrary' and a standard library 'XML'. The custom keyword is used. To select explicitly, and to get rid of this warning, use either 'SeleniumLibrary.Element Text Should Be' or 'XML.Element Text Should Be'.</msg>
<msg time="2024-04-05T11:37:16.942322" level="INFO">Verifying element '(//div/h2/a/span)[1]' contains exact text 'Console Xbox Series S'.</msg>
<msg time="2024-04-05T11:37:17.174415" level="INFO" html="true">&lt;/td&gt;&lt;/tr&gt;&lt;tr&gt;&lt;td colspan="3"&gt;&lt;a href="selenium-screenshot-83.png"&gt;&lt;img src="selenium-screenshot-83.png" width="800px"&gt;&lt;/a&gt;</msg>
<msg time="2024-04-05T11:37:17.174916" level="FAIL">The text of element '(//div/h2/a/span)[1]' should have been 'Console Xbox Series S' but it was 'Racing Wheel Overdrive Designed for Xbox Series X|S By HORI - Officially Licensed by Microsoft'.</msg>
<arg>locator=${PRODUTO_NUM1_BUSCA}</arg>
<arg>expected=Console Xbox Series S</arg>
<doc>Verifies that element ``locator`` contains exact the text ``expected``.</doc>
<status status="FAIL" start="2024-04-05T11:37:16.941019" elapsed="0.241073">The text of element '(//div/h2/a/span)[1]' should have been 'Console Xbox Series S' but it was 'Racing Wheel Overdrive Designed for Xbox Series X|S By HORI - Officially Licensed by Microsoft'.</status>
</kw>
<kw name="Sleep" owner="BuiltIn">
<arg>time_=15</arg>
<doc>Pauses the test executed for the given time.</doc>
<status status="NOT RUN" start="2024-04-05T11:37:17.183122" elapsed="0.000000"/>
</kw>
<kw name="Scroll Element Into View" owner="SeleniumLibrary">
<arg>locator=${TEXTO_RESULTADO_LINHA1}</arg>
<doc>Scrolls the element identified by ``locator`` into view.</doc>
<status status="NOT RUN" start="2024-04-05T11:37:17.183122" elapsed="0.000000"/>
</kw>
<kw name="Scroll Element Into View" owner="SeleniumLibrary">
<arg>locator=//div[@id="p_n_date-title"]</arg>
<doc>Scrolls the element identified by ``locator`` into view.</doc>
<status status="NOT RUN" start="2024-04-05T11:37:17.183122" elapsed="0.000000"/>
</kw>
<kw name="Scroll Element Into View" owner="SeleniumLibrary">
<arg>locator=${BUTTON_ADICIONAR_CARRINHO_PRODUTO1}</arg>
<doc>Scrolls the element identified by ``locator`` into view.</doc>
<status status="NOT RUN" start="2024-04-05T11:37:17.183122" elapsed="0.000000"/>
</kw>
<kw name="Wait Until Element Is Visible" owner="SeleniumLibrary">
<arg>locator=${BUTTON_ADICIONAR_CARRINHO_PRODUTO1}</arg>
<doc>Waits until the element ``locator`` is visible.</doc>
<status status="NOT RUN" start="2024-04-05T11:37:17.183122" elapsed="0.000000"/>
</kw>
<kw name="Click Element" owner="SeleniumLibrary">
<arg>locator=${BUTTON_ADICIONAR_CARRINHO_PRODUTO1}</arg>
<doc>Click the element identified by ``locator``.</doc>
<status status="NOT RUN" start="2024-04-05T11:37:17.183122" elapsed="0.000000"/>
</kw>
<kw name="Sleep" owner="BuiltIn">
<arg>time_=15</arg>
<doc>Pauses the test executed for the given time.</doc>
<status status="NOT RUN" start="2024-04-05T11:37:17.183122" elapsed="0.000000"/>
</kw>
<status status="FAIL" start="2024-04-05T11:37:16.862622" elapsed="0.320500">The text of element '(//div/h2/a/span)[1]' should have been 'Console Xbox Series S' but it was 'Racing Wheel Overdrive Designed for Xbox Series X|S By HORI - Officially Licensed by Microsoft'.</status>
</kw>
<kw name="Remover o produto &quot;Console Xbox Series S&quot; do carrinho" owner="amazon_resources">
<status status="NOT RUN" start="2024-04-05T11:37:17.184119" elapsed="0.000000"/>
</kw>
<kw name="Verificar se o carrinho fica vazio" owner="amazon_resources">
<status status="NOT RUN" start="2024-04-05T11:37:17.184119" elapsed="0.000000"/>
</kw>
<kw name="Fechar o navegador" owner="amazon_resources" type="TEARDOWN">
<kw name="Capture Page Screenshot" owner="SeleniumLibrary">
<msg time="2024-04-05T11:37:17.372381" level="INFO" html="true">&lt;/td&gt;&lt;/tr&gt;&lt;tr&gt;&lt;td colspan="3"&gt;&lt;a href="selenium-screenshot-84.png"&gt;&lt;img src="selenium-screenshot-84.png" width="800px"&gt;&lt;/a&gt;</msg>
<doc>Takes a screenshot of the current page and embeds it into a log file.</doc>
<status status="PASS" start="2024-04-05T11:37:17.185119" elapsed="0.187763"/>
</kw>
<kw name="Close Browser" owner="SeleniumLibrary">
<doc>Closes the current browser.</doc>
<status status="PASS" start="2024-04-05T11:37:17.372882" elapsed="2.285430"/>
</kw>
<status status="PASS" start="2024-04-05T11:37:17.184119" elapsed="2.474193"/>
</kw>
<doc>Esse teste verifica a remoção de um produto no carrinho
de compras</doc>
<tag>remover_carrinho</tag>
<status status="FAIL" start="2024-04-05T11:36:42.425378" elapsed="37.234284">The text of element '(//div/h2/a/span)[1]' should have been 'Console Xbox Series S' but it was 'Racing Wheel Overdrive Designed for Xbox Series X|S By HORI - Officially Licensed by Microsoft'.</status>
</test>
<doc>Essa suite testa o site da Amazon.com.busca_produtos</doc>
<status status="FAIL" start="2024-04-05T11:36:42.045303" elapsed="37.614359"/>
</suite>
<statistics>
<total>
<stat pass="0" fail="1" skip="0">All Tests</stat>
</total>
<tag>
<stat pass="0" fail="1" skip="0">remover_carrinho</stat>
</tag>
<suite>
<stat pass="0" fail="1" skip="0" id="s1" name="Amazon Testes">Amazon Testes</stat>
</suite>
</statistics>
<errors>
<msg time="2024-04-05T11:37:16.941019" level="WARN">Keyword 'Element Text Should Be' found both from a custom library 'SeleniumLibrary' and a standard library 'XML'. The custom keyword is used. To select explicitly, and to get rid of this warning, use either 'SeleniumLibrary.Element Text Should Be' or 'XML.Element Text Should Be'.</msg>
</errors>
</robot>
